<?xml version="1.0" encoding="UTF-8"?>
<!-- Generated by org.testng.reporters.JUnitReportReporter -->
<testsuite skipped="0" hostname="Dharuns-MacBook-Pro.local" name="com.FantasySpin.test.FaceBook" tests="2" failures="0" timestamp="13 Jan 2021 11:35:01 GMT" time="36.088" errors="0">
  <testcase name="LaunchApp" time="29.300" classname="com.FantasySpin.test.FaceBook"/>
  <testcase name="FaceBookLogin" time="6.788" classname="com.FantasySpin.test.FaceBook"/>
</testsuite> <!-- com.FantasySpin.test.FaceBook -->
