<?xml version="1.0" encoding="UTF-8"?>
<!-- Generated by org.testng.reporters.JUnitReportReporter -->
<testsuite skipped="0" hostname="Dharuns-MacBook-Pro.local" name="com.FantasySpin.test.Login" tests="3" failures="0" timestamp="13 Jan 2021 11:13:48 GMT" time="68.275" errors="0">
  <testcase name="LaunchApp" time="32.975" classname="com.FantasySpin.test.Login"/>
  <testcase name="ValidCredentials" time="14.594" classname="com.FantasySpin.test.Login"/>
  <testcase name="LoginScreen" time="20.706" classname="com.FantasySpin.test.Login"/>
</testsuite> <!-- com.FantasySpin.test.Login -->
