<?xml version="1.0" encoding="UTF-8"?>
<!-- Generated by org.testng.reporters.JUnitReportReporter -->
<testsuite skipped="0" hostname="Dharuns-MacBook-Pro.local" name="com.FantasySpin.test.HowToPlayFrontScreen" tests="2" failures="0" timestamp="18 Jan 2021 11:41:18 GMT" time="62.897" errors="0">
  <testcase name="LaunchApp" time="32.680" classname="com.FantasySpin.test.HowToPlayFrontScreen"/>
  <testcase name="HowToPlay" time="30.217" classname="com.FantasySpin.test.HowToPlayFrontScreen"/>
</testsuite> <!-- com.FantasySpin.test.HowToPlayFrontScreen -->
