<?xml version="1.0" encoding="UTF-8"?>
<!-- Generated by org.testng.reporters.JUnitReportReporter -->
<testsuite skipped="0" hostname="Dharuns-MacBook-Pro.local" name="com.FantasySpin.test.Google" tests="2" failures="0" timestamp="13 Jan 2021 11:35:49 GMT" time="34.656" errors="0">
  <testcase name="LaunchApp" time="28.182" classname="com.FantasySpin.test.Google"/>
  <testcase name="GoogleLogin" time="6.474" classname="com.FantasySpin.test.Google"/>
</testsuite> <!-- com.FantasySpin.test.Google -->
